# JRE version: OpenJDK Runtime Environment (11.0.13) (build 11.0.13+0-b1751.21-8125866)
# Java VM: OpenJDK 64-Bit Server VM (11.0.13+0-b1751.21-8125866, mixed mode, tiered, compressed oops, g1 gc, windows-amd64)
Heap:
 garbage-first heap   total 225280K, used 145613K [0x0000000080000000, 0x0000000100000000)
  region size 1024K, 52 young (53248K), 7 survivors (7168K)
 Metaspace       used 138942K, capacity 143611K, committed 144464K, reserved 1175552K
  class space    used 16471K, capacity 18180K, committed 18848K, reserved 1048576K
GC Heap History (20 events):
Event: 7068.865 GC heap before
{Heap before GC invocations=272 (full 0):
 garbage-first heap   total 225280K, used 144096K [0x0000000080000000, 0x0000000100000000)
  region size 1024K, 54 young (55296K), 1 survivors (1024K)
 Metaspace       used 138871K, capacity 143639K, committed 144464K, reserved 1175552K
  class space    used 16474K, capacity 18186K, committed 18848K, reserved 1048576K
}
Event: 7068.878 GC heap after
{Heap after GC invocations=273 (full 0):
 garbage-first heap   total 225280K, used 98583K [0x0000000080000000, 0x0000000100000000)
  region size 1024K, 8 young (8192K), 8 survivors (8192K)
 Metaspace       used 138871K, capacity 143639K, committed 144464K, reserved 1175552K
  class space    used 16474K, capacity 18186K, committed 18848K, reserved 1048576K
}
Event: 7215.469 GC heap before
{Heap before GC invocations=274 (full 0):
 garbage-first heap   total 225280K, used 182551K [0x0000000080000000, 0x0000000100000000)
  region size 1024K, 67 young (68608K), 8 survivors (8192K)
 Metaspace       used 138877K, capacity 143640K, committed 144464K, reserved 1175552K
  class space    used 16474K, capacity 18186K, committed 18848K, reserved 1048576K
}
Event: 7215.475 GC heap after
{Heap after GC invocations=275 (full 0):
 garbage-first heap   total 225280K, used 95488K [0x0000000080000000, 0x0000000100000000)
  region size 1024K, 2 young (2048K), 2 survivors (2048K)
 Metaspace       used 138877K, capacity 143640K, committed 144464K, reserved 1175552K
  class space    used 16474K, capacity 18186K, committed 18848K, reserved 1048576K
}
Event: 7553.589 GC heap before
{Heap before GC invocations=275 (full 0):
 garbage-first heap   total 225280K, used 104704K [0x0000000080000000, 0x0000000100000000)
  region size 1024K, 11 young (11264K), 2 survivors (2048K)
 Metaspace       used 138877K, capacity 143640K, committed 144464K, reserved 1175552K
  class space    used 16474K, capacity 18186K, committed 18848K, reserved 1048576K
}
Event: 7553.679 GC heap after
{Heap after GC invocations=276 (full 0):
 garbage-first heap   total 225280K, used 92922K [0x0000000080000000, 0x0000000100000000)
  region size 1024K, 1 young (1024K), 1 survivors (1024K)
 Metaspace       used 138877K, capacity 143640K, committed 144464K, reserved 1175552K
  class space    used 16474K, capacity 18186K, committed 18848K, reserved 1048576K
}
Event: 7555.740 GC heap before
{Heap before GC invocations=276 (full 0):
 garbage-first heap   total 225280K, used 147194K [0x0000000080000000, 0x0000000100000000)
  region size 1024K, 56 young (57344K), 1 survivors (1024K)
 Metaspace       used 138887K, capacity 143642K, committed 144464K, reserved 1175552K
  class space    used 16474K, capacity 18186K, committed 18848K, reserved 1048576K
}
Event: 7555.774 GC heap after
{Heap after GC invocations=277 (full 0):
 garbage-first heap   total 225280K, used 99841K [0x0000000080000000, 0x0000000100000000)
  region size 1024K, 8 young (8192K), 8 survivors (8192K)
 Metaspace       used 138887K, capacity 143642K, committed 144464K, reserved 1175552K
  class space    used 16474K, capacity 18186K, committed 18848K, reserved 1048576K
}
Event: 7628.810 GC heap before
{Heap before GC invocations=278 (full 0):
 garbage-first heap   total 225280K, used 189953K [0x0000000080000000, 0x0000000100000000)
  region size 1024K, 73 young (74752K), 8 survivors (8192K)
 Metaspace       used 138908K, capacity 143646K, committed 144464K, reserved 1175552K
  class space    used 16474K, capacity 18186K, committed 18848K, reserved 1048576K
}
Event: 7628.857 GC heap after
{Heap after GC invocations=279 (full 0):
 garbage-first heap   total 225280K, used 98803K [0x0000000080000000, 0x0000000100000000)
  region size 1024K, 4 young (4096K), 4 survivors (4096K)
 Metaspace       used 138908K, capacity 143646K, committed 144464K, reserved 1175552K
  class space    used 16474K, capacity 18186K, committed 18848K, reserved 1048576K
}
Event: 7628.955 GC heap before
{Heap before GC invocations=279 (full 0):
 garbage-first heap   total 225280K, used 105971K [0x0000000080000000, 0x0000000100000000)
  region size 1024K, 11 young (11264K), 4 survivors (4096K)
 Metaspace       used 138908K, capacity 143646K, committed 144464K, reserved 1175552K
  class space    used 16474K, capacity 18186K, committed 18848K, reserved 1048576K
}
Event: 7629.059 GC heap after
{Heap after GC invocations=280 (full 0):
 garbage-first heap   total 225280K, used 88043K [0x0000000080000000, 0x0000000100000000)
  region size 1024K, 1 young (1024K), 1 survivors (1024K)
 Metaspace       used 138908K, capacity 143646K, committed 144464K, reserved 1175552K
  class space    used 16474K, capacity 18186K, committed 18848K, reserved 1048576K
}
Event: 7630.584 GC heap before
{Heap before GC invocations=280 (full 0):
 garbage-first heap   total 225280K, used 125931K [0x0000000080000000, 0x0000000100000000)
  region size 1024K, 40 young (40960K), 1 survivors (1024K)
 Metaspace       used 138915K, capacity 143646K, committed 144464K, reserved 1175552K
  class space    used 16474K, capacity 18186K, committed 18848K, reserved 1048576K
}
Event: 7630.603 GC heap after
{Heap after GC invocations=281 (full 0):
 garbage-first heap   total 225280K, used 93736K [0x0000000080000000, 0x0000000100000000)
  region size 1024K, 7 young (7168K), 7 survivors (7168K)
 Metaspace       used 138915K, capacity 143646K, committed 144464K, reserved 1175552K
  class space    used 16474K, capacity 18186K, committed 18848K, reserved 1048576K
}
Event: 7679.017 GC heap before
{Heap before GC invocations=282 (full 0):
 garbage-first heap   total 225280K, used 189992K [0x0000000080000000, 0x0000000100000000)
  region size 1024K, 78 young (79872K), 7 survivors (7168K)
 Metaspace       used 138919K, capacity 143611K, committed 144464K, reserved 1175552K
  class space    used 16471K, capacity 18180K, committed 18848K, reserved 1048576K
}
Event: 7679.093 GC heap after
{Heap after GC invocations=283 (full 0):
 garbage-first heap   total 225280K, used 96909K [0x0000000080000000, 0x0000000100000000)
  region size 1024K, 4 young (4096K), 4 survivors (4096K)
 Metaspace       used 138919K, capacity 143611K, committed 144464K, reserved 1175552K
  class space    used 16471K, capacity 18180K, committed 18848K, reserved 1048576K
}
Event: 7679.506 GC heap before
{Heap before GC invocations=283 (full 0):
 garbage-first heap   total 225280K, used 104077K [0x0000000080000000, 0x0000000100000000)
  region size 1024K, 11 young (11264K), 4 survivors (4096K)
 Metaspace       used 138919K, capacity 143611K, committed 144464K, reserved 1175552K
  class space    used 16471K, capacity 18180K, committed 18848K, reserved 1048576K
}
Event: 7679.523 GC heap after
{Heap after GC invocations=284 (full 0):
 garbage-first heap   total 225280K, used 94755K [0x0000000080000000, 0x0000000100000000)
  region size 1024K, 2 young (2048K), 2 survivors (2048K)
 Metaspace       used 138919K, capacity 143611K, committed 144464K, reserved 1175552K
  class space    used 16471K, capacity 18180K, committed 18848K, reserved 1048576K
}
Event: 7680.612 GC heap before
{Heap before GC invocations=284 (full 0):
 garbage-first heap   total 225280K, used 127523K [0x0000000080000000, 0x0000000100000000)
  region size 1024K, 36 young (36864K), 2 survivors (2048K)
 Metaspace       used 138919K, capacity 143611K, committed 144464K, reserved 1175552K
  class space    used 16471K, capacity 18180K, committed 18848K, reserved 1048576K
}
Event: 7680.653 GC heap after
{Heap after GC invocations=285 (full 0):
 garbage-first heap   total 225280K, used 99533K [0x0000000080000000, 0x0000000100000000)
  region size 1024K, 7 young (7168K), 7 survivors (7168K)
 Metaspace       used 138919K, capacity 143611K, committed 144464K, reserved 1175552K
  class space    used 16471K, capacity 18180K, committed 18848K, reserved 1048576K
}

