# JRE version: OpenJDK Runtime Environment (11.0.13) (build 11.0.13+0-b1751.21-8125866)
# Java VM: OpenJDK 64-Bit Server VM (11.0.13+0-b1751.21-8125866, mixed mode, tiered, compressed oops, g1 gc, windows-amd64)
Heap:
 garbage-first heap   total 235520K, used 117539K [0x0000000080000000, 0x0000000100000000)
  region size 1024K, 6 young (6144K), 2 survivors (2048K)
 Metaspace       used 133910K, capacity 138660K, committed 139004K, reserved 1169408K
  class space    used 16355K, capacity 18070K, committed 18252K, reserved 1048576K
GC Heap History (20 events):
Event: 2314.649 GC heap before
{Heap before GC invocations=184 (full 0):
 garbage-first heap   total 235520K, used 175753K [0x0000000080000000, 0x0000000100000000)
  region size 1024K, 53 young (54272K), 2 survivors (2048K)
 Metaspace       used 133507K, capacity 138186K, committed 138748K, reserved 1169408K
  class space    used 16352K, capacity 18070K, committed 18252K, reserved 1048576K
}
Event: 2314.683 GC heap after
{Heap after GC invocations=185 (full 0):
 garbage-first heap   total 235520K, used 106362K [0x0000000080000000, 0x0000000100000000)
  region size 1024K, 6 young (6144K), 6 survivors (6144K)
 Metaspace       used 133507K, capacity 138186K, committed 138748K, reserved 1169408K
  class space    used 16352K, capacity 18070K, committed 18252K, reserved 1048576K
}
Event: 2314.736 GC heap before
{Heap before GC invocations=185 (full 0):
 garbage-first heap   total 235520K, used 110458K [0x0000000080000000, 0x0000000100000000)
  region size 1024K, 11 young (11264K), 6 survivors (6144K)
 Metaspace       used 133507K, capacity 138186K, committed 138748K, reserved 1169408K
  class space    used 16352K, capacity 18070K, committed 18252K, reserved 1048576K
}
Event: 2314.770 GC heap after
{Heap after GC invocations=186 (full 0):
 garbage-first heap   total 235520K, used 101478K [0x0000000080000000, 0x0000000100000000)
  region size 1024K, 1 young (1024K), 1 survivors (1024K)
 Metaspace       used 133507K, capacity 138186K, committed 138748K, reserved 1169408K
  class space    used 16352K, capacity 18070K, committed 18252K, reserved 1048576K
}
Event: 2332.411 GC heap before
{Heap before GC invocations=186 (full 0):
 garbage-first heap   total 235520K, used 159846K [0x0000000080000000, 0x0000000100000000)
  region size 1024K, 59 young (60416K), 1 survivors (1024K)
 Metaspace       used 133558K, capacity 138255K, committed 138748K, reserved 1169408K
  class space    used 16352K, capacity 18070K, committed 18252K, reserved 1048576K
}
Event: 2332.439 GC heap after
{Heap after GC invocations=187 (full 0):
 garbage-first heap   total 235520K, used 106709K [0x0000000080000000, 0x0000000100000000)
  region size 1024K, 6 young (6144K), 6 survivors (6144K)
 Metaspace       used 133558K, capacity 138255K, committed 138748K, reserved 1169408K
  class space    used 16352K, capacity 18070K, committed 18252K, reserved 1048576K
}
Event: 2333.459 GC heap before
{Heap before GC invocations=188 (full 0):
 garbage-first heap   total 235520K, used 167125K [0x0000000080000000, 0x0000000100000000)
  region size 1024K, 66 young (67584K), 6 survivors (6144K)
 Metaspace       used 133657K, capacity 138452K, committed 139004K, reserved 1169408K
  class space    used 16354K, capacity 18070K, committed 18252K, reserved 1048576K
}
Event: 2333.479 GC heap after
{Heap after GC invocations=189 (full 0):
 garbage-first heap   total 235520K, used 118040K [0x0000000080000000, 0x0000000100000000)
  region size 1024K, 9 young (9216K), 9 survivors (9216K)
 Metaspace       used 133657K, capacity 138452K, committed 139004K, reserved 1169408K
  class space    used 16354K, capacity 18070K, committed 18252K, reserved 1048576K
}
Event: 2333.484 GC heap before
{Heap before GC invocations=189 (full 0):
 garbage-first heap   total 235520K, used 120088K [0x0000000080000000, 0x0000000100000000)
  region size 1024K, 11 young (11264K), 9 survivors (9216K)
 Metaspace       used 133658K, capacity 138452K, committed 139004K, reserved 1169408K
  class space    used 16354K, capacity 18070K, committed 18252K, reserved 1048576K
}
Event: 2333.505 GC heap after
{Heap after GC invocations=190 (full 0):
 garbage-first heap   total 235520K, used 110966K [0x0000000080000000, 0x0000000100000000)
  region size 1024K, 2 young (2048K), 2 survivors (2048K)
 Metaspace       used 133658K, capacity 138452K, committed 139004K, reserved 1169408K
  class space    used 16354K, capacity 18070K, committed 18252K, reserved 1048576K
}
Event: 2333.641 GC heap before
{Heap before GC invocations=190 (full 0):
 garbage-first heap   total 235520K, used 124278K [0x0000000080000000, 0x0000000100000000)
  region size 1024K, 16 young (16384K), 2 survivors (2048K)
 Metaspace       used 133721K, capacity 138518K, committed 139004K, reserved 1169408K
  class space    used 16354K, capacity 18070K, committed 18252K, reserved 1048576K
}
Event: 2333.649 GC heap after
{Heap after GC invocations=191 (full 0):
 garbage-first heap   total 235520K, used 111550K [0x0000000080000000, 0x0000000100000000)
  region size 1024K, 2 young (2048K), 2 survivors (2048K)
 Metaspace       used 133721K, capacity 138518K, committed 139004K, reserved 1169408K
  class space    used 16354K, capacity 18070K, committed 18252K, reserved 1048576K
}
Event: 2334.018 GC heap before
{Heap before GC invocations=192 (full 0):
 garbage-first heap   total 235520K, used 177086K [0x0000000080000000, 0x0000000100000000)
  region size 1024K, 65 young (66560K), 2 survivors (2048K)
 Metaspace       used 133797K, capacity 138592K, committed 139004K, reserved 1169408K
  class space    used 16354K, capacity 18070K, committed 18252K, reserved 1048576K
}
Event: 2334.025 GC heap after
{Heap after GC invocations=193 (full 0):
 garbage-first heap   total 235520K, used 117953K [0x0000000080000000, 0x0000000100000000)
  region size 1024K, 9 young (9216K), 9 survivors (9216K)
 Metaspace       used 133797K, capacity 138592K, committed 139004K, reserved 1169408K
  class space    used 16354K, capacity 18070K, committed 18252K, reserved 1048576K
}
Event: 2334.035 GC heap before
{Heap before GC invocations=193 (full 0):
 garbage-first heap   total 235520K, used 118977K [0x0000000080000000, 0x0000000100000000)
  region size 1024K, 11 young (11264K), 9 survivors (9216K)
 Metaspace       used 133797K, capacity 138592K, committed 139004K, reserved 1169408K
  class space    used 16354K, capacity 18070K, committed 18252K, reserved 1048576K
}
Event: 2334.051 GC heap after
{Heap after GC invocations=194 (full 0):
 garbage-first heap   total 235520K, used 107148K [0x0000000080000000, 0x0000000100000000)
  region size 1024K, 2 young (2048K), 2 survivors (2048K)
 Metaspace       used 133797K, capacity 138592K, committed 139004K, reserved 1169408K
  class space    used 16354K, capacity 18070K, committed 18252K, reserved 1048576K
}
Event: 2334.089 GC heap before
{Heap before GC invocations=194 (full 0):
 garbage-first heap   total 235520K, used 111244K [0x0000000080000000, 0x0000000100000000)
  region size 1024K, 8 young (8192K), 2 survivors (2048K)
 Metaspace       used 133825K, capacity 138658K, committed 139004K, reserved 1169408K
  class space    used 16354K, capacity 18070K, committed 18252K, reserved 1048576K
}
Event: 2334.093 GC heap after
{Heap after GC invocations=195 (full 0):
 garbage-first heap   total 235520K, used 107501K [0x0000000080000000, 0x0000000100000000)
  region size 1024K, 2 young (2048K), 2 survivors (2048K)
 Metaspace       used 133825K, capacity 138658K, committed 139004K, reserved 1169408K
  class space    used 16354K, capacity 18070K, committed 18252K, reserved 1048576K
}
Event: 2529.272 GC heap before
{Heap before GC invocations=196 (full 0):
 garbage-first heap   total 235520K, used 202733K [0x0000000080000000, 0x0000000100000000)
  region size 1024K, 72 young (73728K), 2 survivors (2048K)
 Metaspace       used 133906K, capacity 138660K, committed 139004K, reserved 1169408K
  class space    used 16355K, capacity 18070K, committed 18252K, reserved 1048576K
}
Event: 2529.301 GC heap after
{Heap after GC invocations=197 (full 0):
 garbage-first heap   total 235520K, used 120750K [0x0000000080000000, 0x0000000100000000)
  region size 1024K, 9 young (9216K), 9 survivors (9216K)
 Metaspace       used 133906K, capacity 138660K, committed 139004K, reserved 1169408K
  class space    used 16355K, capacity 18070K, committed 18252K, reserved 1048576K
}

